<?xml version="1.0" encoding="UTF-8"?>
<testng-results ignored="0" total="1" passed="1" failed="0" skipped="0">
  <reporter-output>
  </reporter-output>
  <suite started-at="2021-05-30T11:42:48 WAT" name="Suite" finished-at="2021-05-30T11:46:58 WAT" duration-ms="250334">
    <groups>
    </groups>
    <test started-at="2021-05-30T11:42:48 WAT" name="Test" finished-at="2021-05-30T11:46:58 WAT" duration-ms="250334">
      <class name="packDocker.Docker.firefoxstandalonetest">
        <test-method signature="test1()[pri:0, instance:packDocker.Docker.firefoxstandalonetest@1f59a598]" started-at="2021-05-30T11:42:48 WAT" name="test1" finished-at="2021-05-30T11:46:58 WAT" duration-ms="250281" status="PASS">
          <reporter-output>
          </reporter-output>
        </test-method> <!-- test1 -->
      </class> <!-- packDocker.Docker.firefoxstandalonetest -->
    </test> <!-- Test -->
  </suite> <!-- Suite -->
</testng-results>
